<?xml version="1.0" encoding="UTF-8"?>
<testsuite xmlns:xsi="http://www.w3.org/2001/XMLSchema-instance" xsi:noNamespaceSchemaLocation="https://maven.apache.org/surefire/maven-surefire-plugin/xsd/surefire-test-report-3.0.xsd" version="3.0" name="ValidationTest" time="1.85" tests="5" errors="0" skipped="0" failures="0">
  <properties>
[...]
</properties>
  <testcase name="testIsBalanceEqualsZero" classname="ValidationTest" time="0.737">
    <system-out><![CDATA[test balance equals zero
test balance equals zero
]]></system-out>
  </testcase>
  <testcase name="testValidateBalance" classname="ValidationTest" time="0.002">
    <system-out><![CDATA[test balance
]]></system-out>
  </testcase>
  <testcase name="testValidateCurp" classname="ValidationTest" time="0.134">
    <system-out><![CDATA[test CURP
test CURP
]]></system-out>
  </testcase>
  <testcase name="testValidateName" classname="ValidationTest" time="0.534">
    <system-out><![CDATA[test name
test name
test name
]]></system-out>
  </testcase>
  <testcase name="testValidatePass" classname="ValidationTest" time="0.422">
    <system-out><![CDATA[test password
test password
]]></system-out>
  </testcase>
</testsuite>